<?xml version="1.0" encoding="UTF-8"?>
<testsuite xmlns:xsi="http://www.w3.org/2001/XMLSchema-instance" xsi:noNamespaceSchemaLocation="https://maven.apache.org/surefire/maven-surefire-plugin/xsd/surefire-test-report-3.0.xsd" version="3.0" name="TestSuite" time="16.896" tests="7" errors="0" skipped="0" failures="0">
  <properties>
    <property name="java.specification.version" value="17"/>
    <property name="sun.cpu.isalist" value="amd64"/>
    <property name="sun.jnu.encoding" value="Cp1252"/>
    <property name="java.class.path" value="D:\kranthi\eclipse\PetStoreAutomation\target\test-classes;D:\kranthi\eclipse\PetStoreAutomation\target\classes;C:\Users\yejel\.m2\repository\io\rest-assured\rest-assured\5.3.2\rest-assured-5.3.2.jar;C:\Users\yejel\.m2\repository\org\apache\groovy\groovy\4.0.11\groovy-4.0.11.jar;C:\Users\yejel\.m2\repository\org\apache\groovy\groovy-xml\4.0.11\groovy-xml-4.0.11.jar;C:\Users\yejel\.m2\repository\org\apache\httpcomponents\httpclient\4.5.13\httpclient-4.5.13.jar;C:\Users\yejel\.m2\repository\org\apache\httpcomponents\httpcore\4.4.13\httpcore-4.4.13.jar;C:\Users\yejel\.m2\repository\commons-logging\commons-logging\1.2\commons-logging-1.2.jar;C:\Users\yejel\.m2\repository\org\apache\httpcomponents\httpmime\4.5.13\httpmime-4.5.13.jar;C:\Users\yejel\.m2\repository\org\hamcrest\hamcrest\2.2\hamcrest-2.2.jar;C:\Users\yejel\.m2\repository\org\ccil\cowan\tagsoup\tagsoup\1.2.1\tagsoup-1.2.1.jar;C:\Users\yejel\.m2\repository\io\rest-assured\xml-path\5.3.2\xml-path-5.3.2.jar;C:\Users\yejel\.m2\repository\io\rest-assured\json-path\5.3.2\json-path-5.3.2.jar;C:\Users\yejel\.m2\repository\org\apache\groovy\groovy-json\4.0.11\groovy-json-4.0.11.jar;C:\Users\yejel\.m2\repository\io\rest-assured\rest-assured-common\5.3.2\rest-assured-common-5.3.2.jar;C:\Users\yejel\.m2\repository\org\json\json\20211205\json-20211205.jar;C:\Users\yejel\.m2\repository\com\google\code\gson\gson\2.10.1\gson-2.10.1.jar;C:\Users\yejel\.m2\repository\org\testng\testng\7.4.0\testng-7.4.0.jar;C:\Users\yejel\.m2\repository\com\beust\jcommander\1.78\jcommander-1.78.jar;C:\Users\yejel\.m2\repository\org\webjars\jquery\3.5.1\jquery-3.5.1.jar;C:\Users\yejel\.m2\repository\com\github\scribejava\scribejava-apis\8.3.3\scribejava-apis-8.3.3.jar;C:\Users\yejel\.m2\repository\com\github\scribejava\scribejava-core\8.3.3\scribejava-core-8.3.3.jar;C:\Users\yejel\.m2\repository\com\github\scribejava\scribejava-java8\8.3.3\scribejava-java8-8.3.3.jar;C:\Users\yejel\.m2\repository\com\fasterxml\jackson\core\jackson-databind\2.14.0\jackson-databind-2.14.0.jar;C:\Users\yejel\.m2\repository\com\fasterxml\jackson\core\jackson-annotations\2.14.0\jackson-annotations-2.14.0.jar;C:\Users\yejel\.m2\repository\com\fasterxml\jackson\core\jackson-core\2.14.0\jackson-core-2.14.0.jar;C:\Users\yejel\.m2\repository\io\rest-assured\json-schema-validator\5.3.2\json-schema-validator-5.3.2.jar;C:\Users\yejel\.m2\repository\com\github\java-json-tools\json-schema-validator\2.2.14\json-schema-validator-2.2.14.jar;C:\Users\yejel\.m2\repository\com\github\java-json-tools\jackson-coreutils-equivalence\1.0\jackson-coreutils-equivalence-1.0.jar;C:\Users\yejel\.m2\repository\com\github\java-json-tools\jackson-coreutils\2.0\jackson-coreutils-2.0.jar;C:\Users\yejel\.m2\repository\com\github\java-json-tools\msg-simple\1.2\msg-simple-1.2.jar;C:\Users\yejel\.m2\repository\com\github\java-json-tools\btf\1.3\btf-1.3.jar;C:\Users\yejel\.m2\repository\com\github\java-json-tools\json-schema-core\1.2.14\json-schema-core-1.2.14.jar;C:\Users\yejel\.m2\repository\com\github\java-json-tools\uri-template\0.10\uri-template-0.10.jar;C:\Users\yejel\.m2\repository\org\mozilla\rhino\1.7.7.2\rhino-1.7.7.2.jar;C:\Users\yejel\.m2\repository\com\sun\mail\mailapi\1.6.2\mailapi-1.6.2.jar;C:\Users\yejel\.m2\repository\joda-time\joda-time\2.10.5\joda-time-2.10.5.jar;C:\Users\yejel\.m2\repository\com\googlecode\libphonenumber\libphonenumber\8.11.1\libphonenumber-8.11.1.jar;C:\Users\yejel\.m2\repository\com\google\code\findbugs\jsr305\3.0.2\jsr305-3.0.2.jar;C:\Users\yejel\.m2\repository\net\sf\jopt-simple\jopt-simple\5.0.4\jopt-simple-5.0.4.jar;C:\Users\yejel\.m2\repository\com\google\guava\guava\32.0.1-jre\guava-32.0.1-jre.jar;C:\Users\yejel\.m2\repository\com\google\guava\failureaccess\1.0.1\failureaccess-1.0.1.jar;C:\Users\yejel\.m2\repository\com\google\guava\listenablefuture\9999.0-empty-to-avoid-conflict-with-guava\listenablefuture-9999.0-empty-to-avoid-conflict-with-guava.jar;C:\Users\yejel\.m2\repository\org\checkerframework\checker-qual\3.33.0\checker-qual-3.33.0.jar;C:\Users\yejel\.m2\repository\com\google\errorprone\error_prone_annotations\2.18.0\error_prone_annotations-2.18.0.jar;C:\Users\yejel\.m2\repository\com\google\j2objc\j2objc-annotations\2.8\j2objc-annotations-2.8.jar;C:\Users\yejel\.m2\repository\com\github\javafaker\javafaker\1.0.2\javafaker-1.0.2.jar;C:\Users\yejel\.m2\repository\org\apache\commons\commons-lang3\3.5\commons-lang3-3.5.jar;C:\Users\yejel\.m2\repository\org\yaml\snakeyaml\1.23\snakeyaml-1.23-android.jar;C:\Users\yejel\.m2\repository\com\github\mifmif\generex\1.0.2\generex-1.0.2.jar;C:\Users\yejel\.m2\repository\dk\brics\automaton\automaton\1.11-8\automaton-1.11-8.jar;C:\Users\yejel\.m2\repository\org\apache\poi\poi\5.2.3\poi-5.2.3.jar;C:\Users\yejel\.m2\repository\commons-codec\commons-codec\1.15\commons-codec-1.15.jar;C:\Users\yejel\.m2\repository\org\apache\commons\commons-collections4\4.4\commons-collections4-4.4.jar;C:\Users\yejel\.m2\repository\org\apache\commons\commons-math3\3.6.1\commons-math3-3.6.1.jar;C:\Users\yejel\.m2\repository\commons-io\commons-io\2.11.0\commons-io-2.11.0.jar;C:\Users\yejel\.m2\repository\com\zaxxer\SparseBitSet\1.2\SparseBitSet-1.2.jar;C:\Users\yejel\.m2\repository\org\apache\poi\poi-ooxml\5.2.3\poi-ooxml-5.2.3.jar;C:\Users\yejel\.m2\repository\org\apache\poi\poi-ooxml-lite\5.2.3\poi-ooxml-lite-5.2.3.jar;C:\Users\yejel\.m2\repository\org\apache\xmlbeans\xmlbeans\5.1.1\xmlbeans-5.1.1.jar;C:\Users\yejel\.m2\repository\org\apache\commons\commons-compress\1.21\commons-compress-1.21.jar;C:\Users\yejel\.m2\repository\com\github\virtuald\curvesapi\1.07\curvesapi-1.07.jar;C:\Users\yejel\.m2\repository\com\aventstack\extentreports\5.0.9\extentreports-5.0.9.jar;C:\Users\yejel\.m2\repository\io\reactivex\rxjava3\rxjava\3.0.4\rxjava-3.0.4.jar;C:\Users\yejel\.m2\repository\org\reactivestreams\reactive-streams\1.0.3\reactive-streams-1.0.3.jar;C:\Users\yejel\.m2\repository\org\freemarker\freemarker\2.3.30\freemarker-2.3.30.jar;C:\Users\yejel\.m2\repository\org\projectlombok\lombok\1.18.12\lombok-1.18.12.jar;C:\Users\yejel\.m2\repository\org\eclipse\jetty\jetty-server\9.2.9.v20150224\jetty-server-9.2.9.v20150224.jar;C:\Users\yejel\.m2\repository\javax\servlet\javax.servlet-api\3.1.0\javax.servlet-api-3.1.0.jar;C:\Users\yejel\.m2\repository\org\eclipse\jetty\jetty-http\9.2.9.v20150224\jetty-http-9.2.9.v20150224.jar;C:\Users\yejel\.m2\repository\org\eclipse\jetty\jetty-util\9.2.9.v20150224\jetty-util-9.2.9.v20150224.jar;C:\Users\yejel\.m2\repository\org\eclipse\jetty\jetty-io\9.2.9.v20150224\jetty-io-9.2.9.v20150224.jar;C:\Users\yejel\.m2\repository\org\apache\logging\log4j\log4j-core\2.20.0\log4j-core-2.20.0.jar;C:\Users\yejel\.m2\repository\org\apache\logging\log4j\log4j-api\2.20.0\log4j-api-2.20.0.jar;"/>
    <property name="java.vm.vendor" value="Eclipse Adoptium"/>
    <property name="sun.arch.data.model" value="64"/>
    <property name="user.variant" value=""/>
    <property name="java.vendor.url" value="https://adoptium.net/"/>
    <property name="user.timezone" value="America/Chicago"/>
    <property name="os.name" value="Windows 11"/>
    <property name="java.vm.specification.version" value="17"/>
    <property name="sun.java.launcher" value="SUN_STANDARD"/>
    <property name="user.country" value="US"/>
    <property name="sun.boot.library.path" value="D:\kranthi\eclipse\eclipse-jee-2023-03-R-win32-x86_64\eclipse\plugins\org.eclipse.justj.openjdk.hotspot.jre.full.win32.x86_64_17.0.6.v20230204-1729\jre\bin"/>
    <property name="sun.java.command" value="C:\Users\yejel\AppData\Local\Temp\surefire2441274515247868160\surefirebooter-20240129184339749_3.jar C:\Users\yejel\AppData\Local\Temp\surefire2441274515247868160 2024-01-29T18-43-39_064-jvmRun1 surefire-20240129184339749_1tmp surefire_0-20240129184339749_2tmp"/>
    <property name="jdk.debug" value="release"/>
    <property name="surefire.test.class.path" value="D:\kranthi\eclipse\PetStoreAutomation\target\test-classes;D:\kranthi\eclipse\PetStoreAutomation\target\classes;C:\Users\yejel\.m2\repository\io\rest-assured\rest-assured\5.3.2\rest-assured-5.3.2.jar;C:\Users\yejel\.m2\repository\org\apache\groovy\groovy\4.0.11\groovy-4.0.11.jar;C:\Users\yejel\.m2\repository\org\apache\groovy\groovy-xml\4.0.11\groovy-xml-4.0.11.jar;C:\Users\yejel\.m2\repository\org\apache\httpcomponents\httpclient\4.5.13\httpclient-4.5.13.jar;C:\Users\yejel\.m2\repository\org\apache\httpcomponents\httpcore\4.4.13\httpcore-4.4.13.jar;C:\Users\yejel\.m2\repository\commons-logging\commons-logging\1.2\commons-logging-1.2.jar;C:\Users\yejel\.m2\repository\org\apache\httpcomponents\httpmime\4.5.13\httpmime-4.5.13.jar;C:\Users\yejel\.m2\repository\org\hamcrest\hamcrest\2.2\hamcrest-2.2.jar;C:\Users\yejel\.m2\repository\org\ccil\cowan\tagsoup\tagsoup\1.2.1\tagsoup-1.2.1.jar;C:\Users\yejel\.m2\repository\io\rest-assured\xml-path\5.3.2\xml-path-5.3.2.jar;C:\Users\yejel\.m2\repository\io\rest-assured\json-path\5.3.2\json-path-5.3.2.jar;C:\Users\yejel\.m2\repository\org\apache\groovy\groovy-json\4.0.11\groovy-json-4.0.11.jar;C:\Users\yejel\.m2\repository\io\rest-assured\rest-assured-common\5.3.2\rest-assured-common-5.3.2.jar;C:\Users\yejel\.m2\repository\org\json\json\20211205\json-20211205.jar;C:\Users\yejel\.m2\repository\com\google\code\gson\gson\2.10.1\gson-2.10.1.jar;C:\Users\yejel\.m2\repository\org\testng\testng\7.4.0\testng-7.4.0.jar;C:\Users\yejel\.m2\repository\com\beust\jcommander\1.78\jcommander-1.78.jar;C:\Users\yejel\.m2\repository\org\webjars\jquery\3.5.1\jquery-3.5.1.jar;C:\Users\yejel\.m2\repository\com\github\scribejava\scribejava-apis\8.3.3\scribejava-apis-8.3.3.jar;C:\Users\yejel\.m2\repository\com\github\scribejava\scribejava-core\8.3.3\scribejava-core-8.3.3.jar;C:\Users\yejel\.m2\repository\com\github\scribejava\scribejava-java8\8.3.3\scribejava-java8-8.3.3.jar;C:\Users\yejel\.m2\repository\com\fasterxml\jackson\core\jackson-databind\2.14.0\jackson-databind-2.14.0.jar;C:\Users\yejel\.m2\repository\com\fasterxml\jackson\core\jackson-annotations\2.14.0\jackson-annotations-2.14.0.jar;C:\Users\yejel\.m2\repository\com\fasterxml\jackson\core\jackson-core\2.14.0\jackson-core-2.14.0.jar;C:\Users\yejel\.m2\repository\io\rest-assured\json-schema-validator\5.3.2\json-schema-validator-5.3.2.jar;C:\Users\yejel\.m2\repository\com\github\java-json-tools\json-schema-validator\2.2.14\json-schema-validator-2.2.14.jar;C:\Users\yejel\.m2\repository\com\github\java-json-tools\jackson-coreutils-equivalence\1.0\jackson-coreutils-equivalence-1.0.jar;C:\Users\yejel\.m2\repository\com\github\java-json-tools\jackson-coreutils\2.0\jackson-coreutils-2.0.jar;C:\Users\yejel\.m2\repository\com\github\java-json-tools\msg-simple\1.2\msg-simple-1.2.jar;C:\Users\yejel\.m2\repository\com\github\java-json-tools\btf\1.3\btf-1.3.jar;C:\Users\yejel\.m2\repository\com\github\java-json-tools\json-schema-core\1.2.14\json-schema-core-1.2.14.jar;C:\Users\yejel\.m2\repository\com\github\java-json-tools\uri-template\0.10\uri-template-0.10.jar;C:\Users\yejel\.m2\repository\org\mozilla\rhino\1.7.7.2\rhino-1.7.7.2.jar;C:\Users\yejel\.m2\repository\com\sun\mail\mailapi\1.6.2\mailapi-1.6.2.jar;C:\Users\yejel\.m2\repository\joda-time\joda-time\2.10.5\joda-time-2.10.5.jar;C:\Users\yejel\.m2\repository\com\googlecode\libphonenumber\libphonenumber\8.11.1\libphonenumber-8.11.1.jar;C:\Users\yejel\.m2\repository\com\google\code\findbugs\jsr305\3.0.2\jsr305-3.0.2.jar;C:\Users\yejel\.m2\repository\net\sf\jopt-simple\jopt-simple\5.0.4\jopt-simple-5.0.4.jar;C:\Users\yejel\.m2\repository\com\google\guava\guava\32.0.1-jre\guava-32.0.1-jre.jar;C:\Users\yejel\.m2\repository\com\google\guava\failureaccess\1.0.1\failureaccess-1.0.1.jar;C:\Users\yejel\.m2\repository\com\google\guava\listenablefuture\9999.0-empty-to-avoid-conflict-with-guava\listenablefuture-9999.0-empty-to-avoid-conflict-with-guava.jar;C:\Users\yejel\.m2\repository\org\checkerframework\checker-qual\3.33.0\checker-qual-3.33.0.jar;C:\Users\yejel\.m2\repository\com\google\errorprone\error_prone_annotations\2.18.0\error_prone_annotations-2.18.0.jar;C:\Users\yejel\.m2\repository\com\google\j2objc\j2objc-annotations\2.8\j2objc-annotations-2.8.jar;C:\Users\yejel\.m2\repository\com\github\javafaker\javafaker\1.0.2\javafaker-1.0.2.jar;C:\Users\yejel\.m2\repository\org\apache\commons\commons-lang3\3.5\commons-lang3-3.5.jar;C:\Users\yejel\.m2\repository\org\yaml\snakeyaml\1.23\snakeyaml-1.23-android.jar;C:\Users\yejel\.m2\repository\com\github\mifmif\generex\1.0.2\generex-1.0.2.jar;C:\Users\yejel\.m2\repository\dk\brics\automaton\automaton\1.11-8\automaton-1.11-8.jar;C:\Users\yejel\.m2\repository\org\apache\poi\poi\5.2.3\poi-5.2.3.jar;C:\Users\yejel\.m2\repository\commons-codec\commons-codec\1.15\commons-codec-1.15.jar;C:\Users\yejel\.m2\repository\org\apache\commons\commons-collections4\4.4\commons-collections4-4.4.jar;C:\Users\yejel\.m2\repository\org\apache\commons\commons-math3\3.6.1\commons-math3-3.6.1.jar;C:\Users\yejel\.m2\repository\commons-io\commons-io\2.11.0\commons-io-2.11.0.jar;C:\Users\yejel\.m2\repository\com\zaxxer\SparseBitSet\1.2\SparseBitSet-1.2.jar;C:\Users\yejel\.m2\repository\org\apache\poi\poi-ooxml\5.2.3\poi-ooxml-5.2.3.jar;C:\Users\yejel\.m2\repository\org\apache\poi\poi-ooxml-lite\5.2.3\poi-ooxml-lite-5.2.3.jar;C:\Users\yejel\.m2\repository\org\apache\xmlbeans\xmlbeans\5.1.1\xmlbeans-5.1.1.jar;C:\Users\yejel\.m2\repository\org\apache\commons\commons-compress\1.21\commons-compress-1.21.jar;C:\Users\yejel\.m2\repository\com\github\virtuald\curvesapi\1.07\curvesapi-1.07.jar;C:\Users\yejel\.m2\repository\com\aventstack\extentreports\5.0.9\extentreports-5.0.9.jar;C:\Users\yejel\.m2\repository\io\reactivex\rxjava3\rxjava\3.0.4\rxjava-3.0.4.jar;C:\Users\yejel\.m2\repository\org\reactivestreams\reactive-streams\1.0.3\reactive-streams-1.0.3.jar;C:\Users\yejel\.m2\repository\org\freemarker\freemarker\2.3.30\freemarker-2.3.30.jar;C:\Users\yejel\.m2\repository\org\projectlombok\lombok\1.18.12\lombok-1.18.12.jar;C:\Users\yejel\.m2\repository\org\eclipse\jetty\jetty-server\9.2.9.v20150224\jetty-server-9.2.9.v20150224.jar;C:\Users\yejel\.m2\repository\javax\servlet\javax.servlet-api\3.1.0\javax.servlet-api-3.1.0.jar;C:\Users\yejel\.m2\repository\org\eclipse\jetty\jetty-http\9.2.9.v20150224\jetty-http-9.2.9.v20150224.jar;C:\Users\yejel\.m2\repository\org\eclipse\jetty\jetty-util\9.2.9.v20150224\jetty-util-9.2.9.v20150224.jar;C:\Users\yejel\.m2\repository\org\eclipse\jetty\jetty-io\9.2.9.v20150224\jetty-io-9.2.9.v20150224.jar;C:\Users\yejel\.m2\repository\org\apache\logging\log4j\log4j-core\2.20.0\log4j-core-2.20.0.jar;C:\Users\yejel\.m2\repository\org\apache\logging\log4j\log4j-api\2.20.0\log4j-api-2.20.0.jar;"/>
    <property name="sun.cpu.endian" value="little"/>
    <property name="user.home" value="C:\Users\yejel"/>
    <property name="user.language" value="en"/>
    <property name="java.specification.vendor" value="Oracle Corporation"/>
    <property name="java.version.date" value="2023-01-17"/>
    <property name="java.home" value="D:\kranthi\eclipse\eclipse-jee-2023-03-R-win32-x86_64\eclipse\plugins\org.eclipse.justj.openjdk.hotspot.jre.full.win32.x86_64_17.0.6.v20230204-1729\jre"/>
    <property name="file.separator" value="\"/>
    <property name="style.color" value="always"/>
    <property name="basedir" value="D:\kranthi\eclipse\PetStoreAutomation"/>
    <property name="java.vm.compressedOopsMode" value="32-bit"/>
    <property name="line.separator" value="&#10;"/>
    <property name="java.vm.specification.vendor" value="Oracle Corporation"/>
    <property name="java.specification.name" value="Java Platform API Specification"/>
    <property name="surefire.real.class.path" value="C:\Users\yejel\AppData\Local\Temp\surefire2441274515247868160\surefirebooter-20240129184339749_3.jar"/>
    <property name="user.script" value=""/>
    <property name="sun.management.compiler" value="HotSpot 64-Bit Tiered Compilers"/>
    <property name="java.runtime.version" value="17.0.6+10"/>
    <property name="user.name" value="yejel"/>
    <property name="path.separator" value=";"/>
    <property name="os.version" value="10.0"/>
    <property name="java.runtime.name" value="OpenJDK Runtime Environment"/>
    <property name="file.encoding" value="Cp1252"/>
    <property name="java.vm.name" value="OpenJDK 64-Bit Server VM"/>
    <property name="java.vendor.version" value="Temurin-17.0.6+10"/>
    <property name="localRepository" value="C:\Users\yejel\.m2\repository"/>
    <property name="java.vendor.url.bug" value="https://github.com/adoptium/adoptium-support/issues"/>
    <property name="java.io.tmpdir" value="C:\Users\yejel\AppData\Local\Temp\"/>
    <property name="java.version" value="17.0.6"/>
    <property name="user.dir" value="D:\kranthi\eclipse\PetStoreAutomation"/>
    <property name="os.arch" value="amd64"/>
    <property name="java.vm.specification.name" value="Java Virtual Machine Specification"/>
    <property name="sun.os.patch.level" value=""/>
    <property name="native.encoding" value="Cp1252"/>
    <property name="java.library.path" value="D:\kranthi\eclipse\eclipse-jee-2023-03-R-win32-x86_64\eclipse\plugins\org.eclipse.justj.openjdk.hotspot.jre.full.win32.x86_64_17.0.6.v20230204-1729\jre\bin;C:\WINDOWS\Sun\Java\bin;C:\WINDOWS\system32;C:\WINDOWS;D:/kranthi/eclipse/eclipse-jee-2023-03-R-win32-x86_64/eclipse//plugins/org.eclipse.justj.openjdk.hotspot.jre.full.win32.x86_64_17.0.6.v20230204-1729/jre/bin/server;D:/kranthi/eclipse/eclipse-jee-2023-03-R-win32-x86_64/eclipse//plugins/org.eclipse.justj.openjdk.hotspot.jre.full.win32.x86_64_17.0.6.v20230204-1729/jre/bin;C:\Program Files\Common Files\Oracle\Java\javapath;C:\Program Files (x86)\Common Files\Oracle\Java\javapath;C:\ProgramData\Oracle\Java\javapath;C:\Program Files\Broadcom\Broadcom 802.11 Network Adapter;C:\WINDOWS\system32;C:\WINDOWS;C:\WINDOWS\System32\Wbem;C:\WINDOWS\System32\WindowsPowerShell\v1.0\;C:\Program Files\Lenovo\Bluetooth Software\;C:\Program Files\Lenovo\Bluetooth Software\syswow64;C:\Program Files\Java\jdk\bin;C:\Program Files\Java\jre\bin;C:\Program Files\Java\jdk7\bin;C:\Program Files\Java\jre7\bin;C:\Program Files (x86)\Skype\Phone\;C:\WINDOWS\System32\OpenSSH\;C:\Program Files\Java\jdk1.8.0_111\bin;%MAVEN-HOME%\bin;%JAVA-HOME%\bin;C:\apache-maven-3.9.3-bin\apache-maven-3.9.3\bin;C:\Program Files\Git\cmd;C:\Program Files\nodejs\;C:\Program Files\nodejs\node_modules;C:\Users\yejel\Anaconda2;C:\Users\yejel\Anaconda2\Library\mingw-w64\bin;C:\Users\yejel\Anaconda2\Library\usr\bin;C:\Users\yejel\Anaconda2\Library\bin;C:\Users\yejel\Anaconda2\Scripts;C:\Users\yejel\AppData\Local\Microsoft\WindowsApps;C:\Users\yejel\AppData\Local\atom\bin;C:\Users\yejel\AppData\Local\Microsoft\WindowsApps;C:\Users\yejel\AppData\Roaming\npm;;D:\kranthi\eclipse\eclipse-jee-2023-03-R-win32-x86_64\eclipse;;."/>
    <property name="java.vm.info" value="mixed mode"/>
    <property name="java.vendor" value="Eclipse Adoptium"/>
    <property name="java.vm.version" value="17.0.6+10"/>
    <property name="sun.io.unicode.encoding" value="UnicodeLittle"/>
    <property name="java.class.version" value="61.0"/>
  </properties>
  <testcase name="testPostPet" classname="api.test.PetTests" time="7.216">
    <system-out><![CDATA[{name=Andree Schaden Sr., id=1442038800}
[https://images.app.goo.gl/3Atw5SG94BhBa5qEA, https://images.app.goo.gl/3Atw5SG94BhBa5qEA]
Request method:	POST
Request URI:	https://petstore.swagger.io/v2/pet
Proxy:			<none>
Request params:	<none>
Query params:	<none>
Form params:	<none>
Path params:	<none>
Headers:		Accept=application/xml, text/xml, application/xhtml+xml
				Content-Type=application/json
Cookies:		<none>
Multiparts:		<none>
Body:
{
    "id": 1442038800,
    "category": {
        "name": "Andree Schaden Sr.",
        "id": 1442038800
    },
    "name": "Laurence Labadie IV",
    "photoUrls": [
        "https://images.app.goo.gl/3Atw5SG94BhBa5qEA",
        "https://images.app.goo.gl/3Atw5SG94BhBa5qEA"
    ],
    "tags": [
        {
            "name": "Roselle Olson",
            "id": 1442038800
        },
        {
            "name": "Katharina Flatley",
            "id": 1442038800
        }
    ],
    "status": "available"
}
HTTP/1.1 200 OK
Date: Tue, 30 Jan 2024 00:43:59 GMT
Content-Type: application/xml
Content-Length: 494
Connection: keep-alive
Access-Control-Allow-Origin: *
Access-Control-Allow-Methods: GET, POST, DELETE, PUT
Access-Control-Allow-Headers: Content-Type, api_key, Authorization
Server: Jetty(9.2.9.v20150224)

<Pet>
  <category>
    <id>1442038800</id>
    <name>Andree Schaden Sr.</name>
  </category>
  <id>1442038800</id>
  <name>Laurence Labadie IV</name>
  <photoUrls>
    <photoUrl>https://images.app.goo.gl/3Atw5SG94BhBa5qEA</photoUrl>
    <photoUrl>https://images.app.goo.gl/3Atw5SG94BhBa5qEA</photoUrl>
  </photoUrls>
  <status>available</status>
  <tags>
    <tag>
      <id>1442038800</id>
      <name>Roselle Olson</name>
    </tag>
    <tag>
      <id>1442038800</id>
      <name>Katharina Flatley</name>
    </tag>
  </tags>
</Pet>
]]></system-out>
  </testcase>
  <testcase name="testPostPet1" classname="api.test.PetTests" time="0.672">
    <system-out><![CDATA[Request method:	POST
Request URI:	https://petstore.swagger.io/v2/pet/1442038800/uploadImage
Proxy:			<none>
Request params:	<none>
Query params:	<none>
Form params:	Additionalmetadata=uploadimage
Path params:	petId=1442038800
Headers:		Accept=application/json, application/javascript, text/javascript, text/json
				Content-Type=multipart/form-data
Cookies:		<none>
Multiparts:		------------
				Content-Disposition: form-data; name = file; filename = file
				Content-Type: text/plain

				myfile
Body:			<none>
HTTP/1.1 200 OK
Date: Tue, 30 Jan 2024 00:44:00 GMT
Content-Type: application/json
Transfer-Encoding: chunked
Connection: keep-alive
Access-Control-Allow-Origin: *
Access-Control-Allow-Methods: GET, POST, DELETE, PUT
Access-Control-Allow-Headers: Content-Type, api_key, Authorization
Server: Jetty(9.2.9.v20150224)

{
    "code": 200,
    "type": "unknown",
    "message": "additionalMetadata: null\nFile uploaded to ./null, 6 bytes"
}
]]></system-out>
  </testcase>
  <testcase name="testPostPet2" classname="api.test.PetTests" time="0.35">
    <system-out><![CDATA[Request method:	POST
Request URI:	https://petstore.swagger.io/v2/pet/1442038800
Proxy:			<none>
Request params:	<none>
Query params:	<none>
Form params:	name=julie
				status=available
Path params:	petId=1442038800
Headers:		Accept=application/xml, text/xml, application/xhtml+xml
				Content-Type=application/x-www-form-urlencoded; charset=ISO-8859-1
Cookies:		<none>
Multiparts:		<none>
Body:			<none>
HTTP/1.1 200 OK
Date: Tue, 30 Jan 2024 00:44:01 GMT
Content-Type: application/xml
Content-Length: 131
Connection: keep-alive
Access-Control-Allow-Origin: *
Access-Control-Allow-Methods: GET, POST, DELETE, PUT
Access-Control-Allow-Headers: Content-Type, api_key, Authorization
Server: Jetty(9.2.9.v20150224)

<apiResponse>
  <message>1442038800</message>
  <type>unknown</type>
</apiResponse>
]]></system-out>
  </testcase>
  <testcase name="testGetStoreByName" classname="api.test.PetTests" time="1.126">
    <system-out><![CDATA[Request method:	GET
Request URI:	https://petstore.swagger.io/v2/pet/1442038800
Proxy:			<none>
Request params:	<none>
Query params:	<none>
Form params:	<none>
Path params:	petId=1442038800
Headers:		Accept=*/*
Cookies:		<none>
Multiparts:		<none>
Body:			<none>
HTTP/1.1 200 OK
Date: Tue, 30 Jan 2024 00:44:01 GMT
Content-Type: application/json
Transfer-Encoding: chunked
Connection: keep-alive
Access-Control-Allow-Origin: *
Access-Control-Allow-Methods: GET, POST, DELETE, PUT
Access-Control-Allow-Headers: Content-Type, api_key, Authorization
Server: Jetty(9.2.9.v20150224)

{
    "id": 1442038800,
    "category": {
        "id": 1442038800,
        "name": "Andree Schaden Sr."
    },
    "name": "julie",
    "photoUrls": [
        "https://images.app.goo.gl/3Atw5SG94BhBa5qEA",
        "https://images.app.goo.gl/3Atw5SG94BhBa5qEA"
    ],
    "tags": [
        {
            "id": 1442038800,
            "name": "Roselle Olson"
        },
        {
            "id": 1442038800,
            "name": "Katharina Flatley"
        }
    ],
    "status": "available"
}
]]></system-out>
  </testcase>
  <testcase name="testGetStoreByName1" classname="api.test.PetTests" time="0.663">
    <system-out><![CDATA[Request method:	GET
Request URI:	https://petstore.swagger.io/v2/pet/findByStatus?status=pending
Proxy:			<none>
Request params:	<none>
Query params:	<none>
Form params:	<none>
Path params:	<none>
Headers:		Accept=*/*
Cookies:		<none>
Multiparts:		<none>
Body:			<none>
HTTP/1.1 200 OK
Date: Tue, 30 Jan 2024 00:44:02 GMT
Content-Type: application/json
Transfer-Encoding: chunked
Connection: keep-alive
Access-Control-Allow-Origin: *
Access-Control-Allow-Methods: GET, POST, DELETE, PUT
Access-Control-Allow-Headers: Content-Type, api_key, Authorization
Server: Jetty(9.2.9.v20150224)

[
    {
        "id": 3,
        "category": {
            "id": 2,
            "name": "Cats"
        },
        "name": "Cat 3",
        "photoUrls": [
            "url1",
            "url2"
        ],
        "tags": [
            {
                "id": 1,
                "name": "tag3"
            },
            {
                "id": 2,
                "name": "tag4"
            }
        ],
        "status": "pending"
    },
    {
        "id": 6,
        "category": {
            "id": 1,
            "name": "Dogs"
        },
        "name": "Dog 3",
        "photoUrls": [
            "url1",
            "url2"
        ],
        "tags": [
            {
                "id": 1,
                "name": "tag3"
            },
            {
                "id": 2,
                "name": "tag4"
            }
        ],
        "status": "pending"
    },
    {
        "id": 16222945,
        "category": {
            "id": -78746072,
            "name": "eiusmod"
        },
        "name": "doggie",
        "photoUrls": [
            "pariatur culpa do ex",
            "cupidatat reprehenderit"
        ],
        "tags": [
            {
                "id": -20700751,
                "name": "fugiat sint Excepteur"
            },
            {
                "id": -66098870,
                "name": "consectetur amet fugiat"
            }
        ],
        "status": "pending"
    },
    {
        "id": 3678247,
        "category": {
            "id": 1,
            "name": "Dog"
        },
        "name": "Saphira",
        "photoUrls": [
            "https://www.google.com/url?sa=i&url=https%3A%2F%2Fg1.globo.com%2Feconomia%2Ftecnologia%2Fnoticia%2F2021%2F07%2F23%2Fgoogle-inclui-joguinho-retro-com-modalidades-esportivas-para-olimpiadas.ghtml&psig=AOvVaw0pu142NXKBn5TVukQr8ypN&ust=1706054059527000&source=images&cd=vfe&opi=89978449&ved=0CBIQjRxqFwoTCMCAo-WY8oMDFQAAAAAdAAAAABAD",
            "<string>"
        ],
        "tags": [
            {
                "id": 1,
                "name": "Labrador"
            },
            {
                "id": 2,
                "name": "Vacinado"
            }
        ],
        "status": "pending"
    }
]
]]></system-out>
  </testcase>
  <testcase name="testUpdateStoreByName" classname="api.test.PetTests" time="0.325">
    <system-out><![CDATA[Request method:	PUT
Request URI:	https://petstore.swagger.io/v2/pet
Proxy:			<none>
Request params:	<none>
Query params:	<none>
Form params:	<none>
Path params:	<none>
Headers:		Accept=application/xml, text/xml, application/xhtml+xml
				Content-Type=application/json
Cookies:		<none>
Multiparts:		<none>
Body:
{
    "id": 1442038800,
    "category": {
        "name": "Andree Schaden Sr.",
        "id": 1442038800
    },
    "name": "Johnson Von",
    "photoUrls": [
        "https://images.app.goo.gl/3Atw5SG94BhBa5qEA",
        "https://images.app.goo.gl/3Atw5SG94BhBa5qEA"
    ],
    "tags": [
        {
            "name": "Roselle Olson",
            "id": 1442038800
        },
        {
            "name": "Katharina Flatley",
            "id": 1442038800
        }
    ],
    "status": "available"
}
HTTP/1.1 200 OK
Date: Tue, 30 Jan 2024 00:44:03 GMT
Content-Type: application/xml
Content-Length: 486
Connection: keep-alive
Access-Control-Allow-Origin: *
Access-Control-Allow-Methods: GET, POST, DELETE, PUT
Access-Control-Allow-Headers: Content-Type, api_key, Authorization
Server: Jetty(9.2.9.v20150224)

<Pet>
  <category>
    <id>1442038800</id>
    <name>Andree Schaden Sr.</name>
  </category>
  <id>1442038800</id>
  <name>Johnson Von</name>
  <photoUrls>
    <photoUrl>https://images.app.goo.gl/3Atw5SG94BhBa5qEA</photoUrl>
    <photoUrl>https://images.app.goo.gl/3Atw5SG94BhBa5qEA</photoUrl>
  </photoUrls>
  <status>available</status>
  <tags>
    <tag>
      <id>1442038800</id>
      <name>Roselle Olson</name>
    </tag>
    <tag>
      <id>1442038800</id>
      <name>Katharina Flatley</name>
    </tag>
  </tags>
</Pet>
]]></system-out>
  </testcase>
  <testcase name="testDeleteStoreByName" classname="api.test.PetTests" time="0.307">
    <system-out><![CDATA[Request method:	DELETE
Request URI:	https://petstore.swagger.io/v2/pet/1442038800
Proxy:			<none>
Request params:	<none>
Query params:	<none>
Form params:	<none>
Path params:	petId=1442038800
Headers:		Accept=*/*
Cookies:		<none>
Multiparts:		<none>
Body:			<none>
]]></system-out>
  </testcase>
</testsuite>