<?xml version="1.0" encoding="UTF-8"?>
<!-- Generated by org.testng.reporters.JUnitReportReporter -->
<testsuite hostname="suman" failures="0" tests="4" name="api.test.StoreTests2" time="7.972" errors="0" timestamp="2024-01-28T16:45:26 CST" skipped="0">
  <testcase classname="api.test.StoreTests2" name="testPostStore" time="6.127"/>
  <system-out/>
  <testcase classname="api.test.StoreTests2" name="testGetStoreByName" time="1.264"/>
  <system-out/>
  <testcase classname="api.test.StoreTests2" name="testUpdateStoreByName" time="0.295"/>
  <system-out/>
  <testcase classname="api.test.StoreTests2" name="testDeleteStoreByName" time="0.286"/>
  <system-out/>
</testsuite> <!-- api.test.StoreTests2 -->
