<?xml version="1.0" encoding="UTF-8"?>
<!-- Generated by org.testng.reporters.JUnitReportReporter -->
<testsuite hostname="suman" failures="0" tests="2" name="api.test.PetTests" time="7.790" errors="0" timestamp="2024-01-28T19:04:35 CST" skipped="0">
  <testcase classname="api.test.PetTests" name="testPostPet" time="6.428"/>
  <system-out/>
  <testcase classname="api.test.PetTests" name="testGetStoreByName" time="1.362"/>
  <system-out/>
</testsuite> <!-- api.test.PetTests -->
