<?xml version="1.0" encoding="UTF-8"?>
<!-- Generated by org.testng.reporters.JUnitReportReporter -->
<testsuite hostname="suman" failures="0" tests="4" name="api.test.StoreTests" time="12.569" errors="0" timestamp="2024-01-26T22:08:53 CST" skipped="0">
  <testcase classname="api.test.StoreTests" name="testPostStore" time="10.061"/>
  <system-out/>
  <testcase classname="api.test.StoreTests" name="testGetStoreByName" time="1.812"/>
  <system-out/>
  <testcase classname="api.test.StoreTests" name="testUpdateStoreByName" time="0.354"/>
  <system-out/>
  <testcase classname="api.test.StoreTests" name="testDeleteStoreByName" time="0.342"/>
  <system-out/>
</testsuite> <!-- api.test.StoreTests -->
