<?xml version="1.0" encoding="UTF-8"?>
<!-- Generated by org.testng.reporters.JUnitReportReporter -->
<testsuite skipped="0" hostname="suman" name="api.test.PetTests" tests="7" failures="0" timestamp="2024-01-28T17:10:11 CST" time="32.658" errors="0">
  <testcase name="testPostPet" time="25.183" classname="api.test.PetTests"/>
  <system-out/>
  <testcase name="testPostPet1" time="1.288" classname="api.test.PetTests"/>
  <system-out/>
  <testcase name="testPostPet2" time="0.560" classname="api.test.PetTests"/>
  <system-out/>
  <testcase name="testGetStoreByName" time="2.127" classname="api.test.PetTests"/>
  <system-out/>
  <testcase name="testGetStoreByName1" time="1.958" classname="api.test.PetTests"/>
  <system-out/>
  <testcase name="testUpdateStoreByName" time="0.859" classname="api.test.PetTests"/>
  <system-out/>
  <testcase name="testDeleteStoreByName" time="0.683" classname="api.test.PetTests"/>
  <system-out/>
</testsuite> <!-- api.test.PetTests -->
