<?xml version="1.0" encoding="UTF-8"?>
<!-- Generated by org.testng.reporters.JUnitReportReporter -->
<testsuite skipped="0" hostname="suman" name="api.test.StoreTests2" tests="4" failures="0" timestamp="2024-01-28T17:18:26 CST" time="13.121" errors="0">
  <testcase name="testPostStore" time="9.996" classname="api.test.StoreTests2"/>
  <system-out/>
  <testcase name="testGetStoreByName" time="2.426" classname="api.test.StoreTests2"/>
  <system-out/>
  <testcase name="testUpdateStoreByName" time="0.367" classname="api.test.StoreTests2"/>
  <system-out/>
  <testcase name="testDeleteStoreByName" time="0.332" classname="api.test.StoreTests2"/>
  <system-out/>
</testsuite> <!-- api.test.StoreTests2 -->
