<?xml version="1.0" encoding="UTF-8"?>
<!-- Generated by org.testng.reporters.JUnitReportReporter -->
<testsuite hostname="suman" failures="0" tests="7" name="api.test.PetTests" time="10.321" errors="0" timestamp="2024-01-29T18:44:06 CST" skipped="0">
  <testcase classname="api.test.PetTests" name="testPostPet" time="7.059"/>
  <system-out/>
  <testcase classname="api.test.PetTests" name="testPostPet1" time="0.657"/>
  <system-out/>
  <testcase classname="api.test.PetTests" name="testPostPet2" time="0.324"/>
  <system-out/>
  <testcase classname="api.test.PetTests" name="testGetStoreByName" time="1.039"/>
  <system-out/>
  <testcase classname="api.test.PetTests" name="testGetStoreByName1" time="0.634"/>
  <system-out/>
  <testcase classname="api.test.PetTests" name="testUpdateStoreByName" time="0.324"/>
  <system-out/>
  <testcase classname="api.test.PetTests" name="testDeleteStoreByName" time="0.284"/>
  <system-out/>
</testsuite> <!-- api.test.PetTests -->
