<?xml version="1.0" encoding="UTF-8"?>
<!-- Generated by org.testng.reporters.JUnitReportReporter -->
<testsuite skipped="0" hostname="suman" name="api.test.StoreTests" tests="4" failures="0" timestamp="2024-01-28T17:16:47 CST" time="13.128" errors="0">
  <testcase name="testPostStore" time="10.592" classname="api.test.StoreTests"/>
  <system-out/>
  <testcase name="testGetStoreByName" time="1.810" classname="api.test.StoreTests"/>
  <system-out/>
  <testcase name="testUpdateStoreByName" time="0.316" classname="api.test.StoreTests"/>
  <system-out/>
  <testcase name="testDeleteStoreByName" time="0.410" classname="api.test.StoreTests"/>
  <system-out/>
</testsuite> <!-- api.test.StoreTests -->
